[UIAS_Web2_exploded] [INFO] [2019-09-17 00:12:47] org.springframework.web.context.ContextLoader.initWebApplicationContext(285) | 
Root WebApplicationContext: initialization started
[UIAS_Web2_exploded] [INFO] [2019-09-17 00:12:47] org.springframework.context.support.AbstractApplicationContext.prepareRefresh(513) | 
Refreshing Root WebApplicationContext: startup date [Tue Sep 17 00:12:47 CST 2019]; root of context hierarchy
[UIAS_Web2_exploded] [INFO] [2019-09-17 00:12:47] org.springframework.beans.factory.xml.XmlBeanDefinitionReader.loadBeanDefinitions(316) | 
Loading XML bean definitions from URL [file:/D:/workspace/UIAS/out/artifacts/UIAS_Web2_exploded/WEB-INF/classes/spring-mybatis.xml]
[UIAS_Web2_exploded] [INFO] [2019-09-17 00:12:49] org.springframework.core.io.support.PropertiesLoaderSupport.loadProperties(172) | 
Loading properties file from class path resource [jdbc.properties]
[UIAS_Web2_exploded] [INFO] [2019-09-17 00:12:49] org.springframework.beans.factory.annotation.AutowiredAnnotationBeanPostProcessor.<init>(141) | 
JSR-330 'javax.inject.Inject' annotation found and supported for autowiring
[UIAS_Web2_exploded] [INFO] [2019-09-17 00:12:51] org.springframework.web.context.ContextLoader.initWebApplicationContext(325) | 
Root WebApplicationContext: initialization completed in 3689 ms
[UIAS_Web2_exploded] [INFO] [2019-09-17 00:12:51] org.springframework.web.servlet.FrameworkServlet.initServletBean(479) | 
FrameworkServlet 'springMVC': initialization started
[UIAS_Web2_exploded] [INFO] [2019-09-17 00:12:51] org.springframework.context.support.AbstractApplicationContext.prepareRefresh(513) | 
Refreshing WebApplicationContext for namespace 'springMVC-servlet': startup date [Tue Sep 17 00:12:51 CST 2019]; parent: Root WebApplicationContext
[UIAS_Web2_exploded] [INFO] [2019-09-17 00:12:51] org.springframework.beans.factory.xml.XmlBeanDefinitionReader.loadBeanDefinitions(316) | 
Loading XML bean definitions from URL [file:/D:/workspace/UIAS/out/artifacts/UIAS_Web2_exploded/WEB-INF/classes/springMvc.xml]
[UIAS_Web2_exploded] [INFO] [2019-09-17 00:12:53] org.springframework.beans.factory.annotation.AutowiredAnnotationBeanPostProcessor.<init>(141) | 
JSR-330 'javax.inject.Inject' annotation found and supported for autowiring
[UIAS_Web2_exploded] [INFO] [2019-09-17 00:12:55] org.springframework.web.servlet.handler.AbstractHandlerMethodMapping.registerHandlerMethod(182) | 
Mapped "{[/index/login],methods=[POST],params=[],headers=[],consumes=[],produces=[],custom=[]}" onto public com.dc.base.pojo.BaseModel com.dc.controller.LoginController.login(com.dc.pojo.SysLoginLog,com.dc.base.pojo.BaseModel) throws java.lang.Exception
[UIAS_Web2_exploded] [INFO] [2019-09-17 00:12:55] org.springframework.web.servlet.handler.AbstractHandlerMethodMapping.registerHandlerMethod(182) | 
Mapped "{[/index/findMyMenu],methods=[],params=[],headers=[],consumes=[],produces=[],custom=[]}" onto public com.dc.base.pojo.BaseModel com.dc.controller.LoginController.findMyMenu(com.dc.base.pojo.BaseModel) throws java.lang.Exception
[UIAS_Web2_exploded] [INFO] [2019-09-17 00:12:55] org.springframework.web.servlet.handler.AbstractHandlerMethodMapping.registerHandlerMethod(182) | 
Mapped "{[/index/refreshSysMenu],methods=[],params=[],headers=[],consumes=[],produces=[],custom=[]}" onto public com.dc.base.pojo.BaseModel com.dc.controller.LoginController.refreshSysMenu(com.dc.base.pojo.BaseModel) throws java.lang.Exception
[UIAS_Web2_exploded] [INFO] [2019-09-17 00:12:55] org.springframework.web.servlet.handler.AbstractHandlerMethodMapping.registerHandlerMethod(182) | 
Mapped "{[/index/loginOut],methods=[],params=[],headers=[],consumes=[],produces=[],custom=[]}" onto public com.dc.base.pojo.BaseModel com.dc.controller.LoginController.loginOut(com.dc.pojo.SysLoginLog,com.dc.base.pojo.BaseModel) throws java.lang.Exception
[UIAS_Web2_exploded] [INFO] [2019-09-17 00:12:55] org.springframework.web.servlet.handler.AbstractHandlerMethodMapping.registerHandlerMethod(182) | 
Mapped "{[/index/selectEnumRoleMenu],methods=[],params=[],headers=[],consumes=[],produces=[],custom=[]}" onto public com.dc.base.pojo.BaseModel com.dc.controller.LoginController.selectEnumRoleMenu(com.dc.base.pojo.BaseModel) throws java.lang.Exception
[UIAS_Web2_exploded] [INFO] [2019-09-17 00:12:55] org.springframework.web.servlet.handler.AbstractHandlerMethodMapping.registerHandlerMethod(182) | 
Mapped "{[/loginLog/selectPageLoginLog],methods=[],params=[],headers=[],consumes=[],produces=[],custom=[]}" onto public com.dc.base.pojo.BaseModel com.dc.controller.SysLoginLogController.selectPageLoginLog(com.dc.base.pojo.BaseModel) throws java.lang.Exception
[UIAS_Web2_exploded] [INFO] [2019-09-17 00:12:55] org.springframework.web.servlet.handler.AbstractHandlerMethodMapping.registerHandlerMethod(182) | 
Mapped "{[/loginLog/selectPageMyLoginLog],methods=[],params=[],headers=[],consumes=[],produces=[],custom=[]}" onto public com.dc.base.pojo.BaseModel com.dc.controller.SysLoginLogController.selectPageMyLoginLog(com.dc.base.pojo.BaseModel) throws java.lang.Exception
[UIAS_Web2_exploded] [INFO] [2019-09-17 00:12:55] org.springframework.web.servlet.handler.AbstractHandlerMethodMapping.registerHandlerMethod(182) | 
Mapped "{[/operationLog/selectPageOperationLog],methods=[],params=[],headers=[],consumes=[],produces=[],custom=[]}" onto public com.dc.base.pojo.BaseModel com.dc.controller.SysOperationLogController.selectPageOperationLog(com.dc.base.pojo.BaseModel) throws java.lang.Exception
[UIAS_Web2_exploded] [INFO] [2019-09-17 00:12:55] org.springframework.web.servlet.handler.AbstractHandlerMethodMapping.registerHandlerMethod(182) | 
Mapped "{[/role/selectRoleVoById/{pk}],methods=[],params=[],headers=[],consumes=[],produces=[],custom=[]}" onto public com.dc.base.pojo.BaseModel com.dc.controller.SysRoleController.selectRoleVoByPk(com.dc.base.pojo.BaseModel,int) throws java.lang.Exception
[UIAS_Web2_exploded] [INFO] [2019-09-17 00:12:55] org.springframework.web.servlet.handler.AbstractHandlerMethodMapping.registerHandlerMethod(182) | 
Mapped "{[/role/selectRoleName],methods=[],params=[],headers=[],consumes=[],produces=[],custom=[]}" onto public com.dc.base.pojo.BaseModel com.dc.controller.SysRoleController.selectRoleName(com.dc.base.pojo.BaseModel) throws java.lang.Exception
[UIAS_Web2_exploded] [INFO] [2019-09-17 00:12:55] org.springframework.web.servlet.handler.AbstractHandlerMethodMapping.registerHandlerMethod(182) | 
Mapped "{[/role/selectPageRole],methods=[],params=[],headers=[],consumes=[],produces=[],custom=[]}" onto public com.dc.base.pojo.BaseModel com.dc.controller.SysRoleController.selectPageRole(com.dc.base.pojo.BaseModel) throws java.lang.Exception
[UIAS_Web2_exploded] [INFO] [2019-09-17 00:12:55] org.springframework.web.servlet.handler.AbstractHandlerMethodMapping.registerHandlerMethod(182) | 
Mapped "{[/role/deleteRole/{ids}],methods=[],params=[],headers=[],consumes=[],produces=[],custom=[]}" onto public com.dc.base.pojo.BaseModel com.dc.controller.SysRoleController.deleteRole(com.dc.base.pojo.BaseModel,java.lang.String) throws java.lang.Exception
[UIAS_Web2_exploded] [INFO] [2019-09-17 00:12:55] org.springframework.web.servlet.handler.AbstractHandlerMethodMapping.registerHandlerMethod(182) | 
Mapped "{[/role/updateRoleVo],methods=[POST],params=[],headers=[],consumes=[],produces=[],custom=[]}" onto public com.dc.base.pojo.BaseModel com.dc.controller.SysRoleController.updateRoleVo(com.dc.vo.SysRoleVo,com.dc.base.pojo.BaseModel) throws java.lang.Exception
[UIAS_Web2_exploded] [INFO] [2019-09-17 00:12:55] org.springframework.web.servlet.handler.AbstractHandlerMethodMapping.registerHandlerMethod(182) | 
Mapped "{[/role/insertRoleVo],methods=[POST],params=[],headers=[],consumes=[],produces=[],custom=[]}" onto public com.dc.base.pojo.BaseModel com.dc.controller.SysRoleController.insertRoleVo(com.dc.vo.SysRoleVo,com.dc.base.pojo.BaseModel) throws java.lang.Exception
[UIAS_Web2_exploded] [INFO] [2019-09-17 00:12:55] org.springframework.web.servlet.handler.AbstractHandlerMethodMapping.registerHandlerMethod(182) | 
Mapped "{[/sysUser/insertUserVo],methods=[],params=[],headers=[],consumes=[],produces=[],custom=[]}" onto public com.dc.base.pojo.BaseModel com.dc.controller.SysUserController.inserUserVo(com.dc.vo.SysUserVo,com.dc.base.pojo.BaseModel) throws java.lang.Exception
[UIAS_Web2_exploded] [INFO] [2019-09-17 00:12:55] org.springframework.web.servlet.handler.AbstractHandlerMethodMapping.registerHandlerMethod(182) | 
Mapped "{[/sysUser/selectPageUserVo],methods=[],params=[],headers=[],consumes=[],produces=[],custom=[]}" onto public com.dc.base.pojo.BaseModel com.dc.controller.SysUserController.selectPageUserVo(com.dc.base.pojo.BaseModel) throws java.lang.Exception
[UIAS_Web2_exploded] [INFO] [2019-09-17 00:12:55] org.springframework.web.servlet.handler.AbstractHandlerMethodMapping.registerHandlerMethod(182) | 
Mapped "{[/sysUser/tiggerState/{pk}],methods=[],params=[],headers=[],consumes=[],produces=[],custom=[]}" onto public com.dc.base.pojo.BaseModel com.dc.controller.SysUserController.tiggerState(int,com.dc.base.pojo.BaseModel) throws java.lang.Exception
[UIAS_Web2_exploded] [INFO] [2019-09-17 00:12:55] org.springframework.web.servlet.handler.AbstractHandlerMethodMapping.registerHandlerMethod(182) | 
Mapped "{[/sysUser/deleteUser/{userIds}],methods=[],params=[],headers=[],consumes=[],produces=[],custom=[]}" onto public com.dc.base.pojo.BaseModel com.dc.controller.SysUserController.deleteUser(java.lang.String,com.dc.base.pojo.BaseModel) throws java.lang.Exception
[UIAS_Web2_exploded] [INFO] [2019-09-17 00:12:55] org.springframework.web.servlet.handler.AbstractHandlerMethodMapping.registerHandlerMethod(182) | 
Mapped "{[/sysUser/updateUserVo],methods=[],params=[],headers=[],consumes=[],produces=[],custom=[]}" onto public com.dc.base.pojo.BaseModel com.dc.controller.SysUserController.updateUserVo(com.dc.vo.SysUserVo,com.dc.base.pojo.BaseModel) throws java.lang.Exception
[UIAS_Web2_exploded] [INFO] [2019-09-17 00:12:55] org.springframework.web.servlet.handler.AbstractHandlerMethodMapping.registerHandlerMethod(182) | 
Mapped "{[/sysUser/findMyUserVo],methods=[],params=[],headers=[],consumes=[],produces=[],custom=[]}" onto public com.dc.base.pojo.BaseModel com.dc.controller.SysUserController.findMyUserVo(com.dc.base.pojo.BaseModel) throws java.lang.Exception
[UIAS_Web2_exploded] [INFO] [2019-09-17 00:12:55] org.springframework.web.servlet.handler.AbstractHandlerMethodMapping.registerHandlerMethod(182) | 
Mapped "{[/sysUser/updateMyUserVo],methods=[],params=[],headers=[],consumes=[],produces=[],custom=[]}" onto public com.dc.base.pojo.BaseModel com.dc.controller.SysUserController.updateMyUserVo(com.dc.vo.SysUserVo,com.dc.base.pojo.BaseModel) throws java.lang.Exception
[UIAS_Web2_exploded] [INFO] [2019-09-17 00:12:55] org.springframework.web.servlet.handler.AbstractHandlerMethodMapping.registerHandlerMethod(182) | 
Mapped "{[/sysUser/expUserDTO],methods=[],params=[],headers=[],consumes=[],produces=[],custom=[]}" onto public void com.dc.controller.SysUserController.expUserDTO(com.dc.base.pojo.BaseModel) throws java.lang.Exception
[UIAS_Web2_exploded] [INFO] [2019-09-17 00:12:55] org.springframework.web.servlet.handler.AbstractHandlerMethodMapping.registerHandlerMethod(182) | 
Mapped "{[/sysUser/impUserDTO],methods=[],params=[],headers=[],consumes=[],produces=[],custom=[]}" onto public com.dc.base.pojo.BaseModel com.dc.controller.SysUserController.impUserDTO(com.dc.base.pojo.BaseModel) throws java.lang.Exception
[UIAS_Web2_exploded] [INFO] [2019-09-17 00:12:55] org.springframework.web.servlet.handler.AbstractHandlerMethodMapping.registerHandlerMethod(182) | 
Mapped "{[/sysUser/selectUserAll],methods=[],params=[],headers=[],consumes=[],produces=[],custom=[]}" onto public com.dc.base.pojo.BaseModel com.dc.controller.SysUserController.selectUserAll(java.lang.Integer,java.lang.Integer)
[UIAS_Web2_exploded] [INFO] [2019-09-17 00:12:55] org.springframework.web.servlet.handler.AbstractHandlerMethodMapping.registerHandlerMethod(182) | 
Mapped "{[/sysUser/selectUserVoByUserId/{pk}],methods=[],params=[],headers=[],consumes=[],produces=[],custom=[]}" onto public com.dc.base.pojo.BaseModel com.dc.controller.SysUserController.selectUserVoByPk(int,com.dc.base.pojo.BaseModel) throws java.lang.Exception
[UIAS_Web2_exploded] [INFO] [2019-09-17 00:12:55] org.springframework.web.servlet.handler.AbstractHandlerMethodMapping.registerHandlerMethod(182) | 
Mapped "{[/sysUser/resetPassword/{pk}],methods=[],params=[],headers=[],consumes=[],produces=[],custom=[]}" onto public com.dc.base.pojo.BaseModel com.dc.controller.SysUserController.resetPassword(int,com.dc.base.pojo.BaseModel) throws java.lang.Exception
[UIAS_Web2_exploded] [INFO] [2019-09-17 00:12:55] org.springframework.web.servlet.handler.AbstractHandlerMethodMapping.registerHandlerMethod(182) | 
Mapped "{[/rsa/generateRSAJsKey],methods=[],params=[],headers=[],consumes=[],produces=[],custom=[]}" onto public java.lang.String com.dc.base.controller.RSAController.generateRSAJsKey(javax.servlet.http.HttpServletRequest) throws java.lang.Exception
[UIAS_Web2_exploded] [INFO] [2019-09-17 00:12:55] org.springframework.web.servlet.handler.AbstractHandlerMethodMapping.registerHandlerMethod(182) | 
Mapped "{[/api-docs],methods=[GET],params=[],headers=[],consumes=[],produces=[],custom=[]}" onto public org.springframework.http.ResponseEntity<com.mangofactory.swagger.models.dto.ResourceListing> com.mangofactory.swagger.controllers.DefaultSwaggerController.getResourceListing(java.lang.String)
[UIAS_Web2_exploded] [INFO] [2019-09-17 00:12:55] org.springframework.web.servlet.handler.AbstractHandlerMethodMapping.registerHandlerMethod(182) | 
Mapped "{[/api-docs/{swaggerGroup}/{apiDeclaration}],methods=[GET],params=[],headers=[],consumes=[],produces=[],custom=[]}" onto public org.springframework.http.ResponseEntity<com.mangofactory.swagger.models.dto.ApiListing> com.mangofactory.swagger.controllers.DefaultSwaggerController.getApiListing(java.lang.String,java.lang.String)
[UIAS_Web2_exploded] [INFO] [2019-09-17 00:12:55] org.hibernate.validator.internal.util.Version.<clinit>(30) | 
HV000001: Hibernate Validator 5.2.4.Final
[UIAS_Web2_exploded] [INFO] [2019-09-17 00:12:58] org.springframework.web.servlet.handler.AbstractUrlHandlerMapping.registerHandler(315) | 
Mapped URL path [/**] onto handler 'org.springframework.web.servlet.resource.DefaultServletHttpRequestHandler#0'
[UIAS_Web2_exploded] [INFO] [2019-09-17 00:12:58] org.springframework.web.servlet.handler.AbstractUrlHandlerMapping.registerHandler(315) | 
Mapped URL path [/swagger/**] onto handler 'org.springframework.web.servlet.resource.ResourceHttpRequestHandler#0'
[UIAS_Web2_exploded] [INFO] [2019-09-17 00:12:59] com.mangofactory.swagger.plugin.SwaggerPluginAdapter.onApplicationEvent(33) | 
Context refreshed
[UIAS_Web2_exploded] [INFO] [2019-09-17 00:12:59] com.mangofactory.swagger.plugin.SwaggerPluginAdapter.onApplicationEvent(46) | 
Found custom SwaggerSpringMvcPlugins
[UIAS_Web2_exploded] [INFO] [2019-09-17 00:12:59] com.mangofactory.swagger.plugin.SwaggerPluginAdapter.onApplicationEvent(50) | 
initializing plugin bean customImplementation
[UIAS_Web2_exploded] [INFO] [2019-09-17 00:12:59] com.mangofactory.swagger.scanners.ApiListingReferenceScanner.scan(55) | 
Scanning for api listing references
[UIAS_Web2_exploded] [INFO] [2019-09-17 00:12:59] com.mangofactory.swagger.core.ClassOrApiAnnotationResourceGrouping.getResourceGroups(50) | 
Group for method login was login-controller
[UIAS_Web2_exploded] [INFO] [2019-09-17 00:12:59] com.mangofactory.swagger.scanners.ApiListingReferenceScanner.scanSpringRequestMappings(78) | 
Request mapping: login belongs to groups: [[ResourceGroup{groupName='login-controller', position=0}]] 
[UIAS_Web2_exploded] [INFO] [2019-09-17 00:12:59] com.mangofactory.swagger.scanners.ApiListingReferenceScanner.scanSpringRequestMappings(82) | 
Adding resource to group:ResourceGroup{groupName='login-controller', position=0} with description:Login Controller for handler method:login
[UIAS_Web2_exploded] [INFO] [2019-09-17 00:12:59] com.mangofactory.swagger.core.ClassOrApiAnnotationResourceGrouping.getResourceGroups(50) | 
Group for method findMyMenu was login-controller
[UIAS_Web2_exploded] [INFO] [2019-09-17 00:12:59] com.mangofactory.swagger.scanners.ApiListingReferenceScanner.scanSpringRequestMappings(78) | 
Request mapping: findMyMenu belongs to groups: [[ResourceGroup{groupName='login-controller', position=0}]] 
[UIAS_Web2_exploded] [INFO] [2019-09-17 00:12:59] com.mangofactory.swagger.scanners.ApiListingReferenceScanner.scanSpringRequestMappings(82) | 
Adding resource to group:ResourceGroup{groupName='login-controller', position=0} with description:Login Controller for handler method:findMyMenu
[UIAS_Web2_exploded] [INFO] [2019-09-17 00:12:59] com.mangofactory.swagger.core.ClassOrApiAnnotationResourceGrouping.getResourceGroups(50) | 
Group for method refreshSysMenu was login-controller
[UIAS_Web2_exploded] [INFO] [2019-09-17 00:12:59] com.mangofactory.swagger.scanners.ApiListingReferenceScanner.scanSpringRequestMappings(78) | 
Request mapping: refreshSysMenu belongs to groups: [[ResourceGroup{groupName='login-controller', position=0}]] 
[UIAS_Web2_exploded] [INFO] [2019-09-17 00:12:59] com.mangofactory.swagger.scanners.ApiListingReferenceScanner.scanSpringRequestMappings(82) | 
Adding resource to group:ResourceGroup{groupName='login-controller', position=0} with description:Login Controller for handler method:refreshSysMenu
[UIAS_Web2_exploded] [INFO] [2019-09-17 00:12:59] com.mangofactory.swagger.core.ClassOrApiAnnotationResourceGrouping.getResourceGroups(50) | 
Group for method loginOut was login-controller
[UIAS_Web2_exploded] [INFO] [2019-09-17 00:12:59] com.mangofactory.swagger.scanners.ApiListingReferenceScanner.scanSpringRequestMappings(78) | 
Request mapping: loginOut belongs to groups: [[ResourceGroup{groupName='login-controller', position=0}]] 
[UIAS_Web2_exploded] [INFO] [2019-09-17 00:12:59] com.mangofactory.swagger.scanners.ApiListingReferenceScanner.scanSpringRequestMappings(82) | 
Adding resource to group:ResourceGroup{groupName='login-controller', position=0} with description:Login Controller for handler method:loginOut
[UIAS_Web2_exploded] [INFO] [2019-09-17 00:12:59] com.mangofactory.swagger.core.ClassOrApiAnnotationResourceGrouping.getResourceGroups(50) | 
Group for method selectEnumRoleMenu was login-controller
[UIAS_Web2_exploded] [INFO] [2019-09-17 00:12:59] com.mangofactory.swagger.scanners.ApiListingReferenceScanner.scanSpringRequestMappings(78) | 
Request mapping: selectEnumRoleMenu belongs to groups: [[ResourceGroup{groupName='login-controller', position=0}]] 
[UIAS_Web2_exploded] [INFO] [2019-09-17 00:12:59] com.mangofactory.swagger.scanners.ApiListingReferenceScanner.scanSpringRequestMappings(82) | 
Adding resource to group:ResourceGroup{groupName='login-controller', position=0} with description:Login Controller for handler method:selectEnumRoleMenu
[UIAS_Web2_exploded] [INFO] [2019-09-17 00:12:59] com.mangofactory.swagger.core.ClassOrApiAnnotationResourceGrouping.getResourceGroups(50) | 
Group for method selectPageLoginLog was sys-login-log-controller
[UIAS_Web2_exploded] [INFO] [2019-09-17 00:12:59] com.mangofactory.swagger.scanners.ApiListingReferenceScanner.scanSpringRequestMappings(78) | 
Request mapping: selectPageLoginLog belongs to groups: [[ResourceGroup{groupName='sys-login-log-controller', position=0}]] 
[UIAS_Web2_exploded] [INFO] [2019-09-17 00:12:59] com.mangofactory.swagger.scanners.ApiListingReferenceScanner.scanSpringRequestMappings(82) | 
Adding resource to group:ResourceGroup{groupName='sys-login-log-controller', position=0} with description:Sys Login Log Controller for handler method:selectPageLoginLog
[UIAS_Web2_exploded] [INFO] [2019-09-17 00:12:59] com.mangofactory.swagger.core.ClassOrApiAnnotationResourceGrouping.getResourceGroups(50) | 
Group for method selectPageMyLoginLog was sys-login-log-controller
[UIAS_Web2_exploded] [INFO] [2019-09-17 00:12:59] com.mangofactory.swagger.scanners.ApiListingReferenceScanner.scanSpringRequestMappings(78) | 
Request mapping: selectPageMyLoginLog belongs to groups: [[ResourceGroup{groupName='sys-login-log-controller', position=0}]] 
[UIAS_Web2_exploded] [INFO] [2019-09-17 00:12:59] com.mangofactory.swagger.scanners.ApiListingReferenceScanner.scanSpringRequestMappings(82) | 
Adding resource to group:ResourceGroup{groupName='sys-login-log-controller', position=0} with description:Sys Login Log Controller for handler method:selectPageMyLoginLog
[UIAS_Web2_exploded] [INFO] [2019-09-17 00:12:59] com.mangofactory.swagger.core.ClassOrApiAnnotationResourceGrouping.getResourceGroups(50) | 
Group for method selectPageOperationLog was sys-operation-log-controller
[UIAS_Web2_exploded] [INFO] [2019-09-17 00:12:59] com.mangofactory.swagger.scanners.ApiListingReferenceScanner.scanSpringRequestMappings(78) | 
Request mapping: selectPageOperationLog belongs to groups: [[ResourceGroup{groupName='sys-operation-log-controller', position=0}]] 
[UIAS_Web2_exploded] [INFO] [2019-09-17 00:12:59] com.mangofactory.swagger.scanners.ApiListingReferenceScanner.scanSpringRequestMappings(82) | 
Adding resource to group:ResourceGroup{groupName='sys-operation-log-controller', position=0} with description:Sys Operation Log Controller for handler method:selectPageOperationLog
[UIAS_Web2_exploded] [INFO] [2019-09-17 00:12:59] com.mangofactory.swagger.core.ClassOrApiAnnotationResourceGrouping.getResourceGroups(50) | 
Group for method selectRoleVoByPk was sys-role-controller
[UIAS_Web2_exploded] [INFO] [2019-09-17 00:12:59] com.mangofactory.swagger.scanners.ApiListingReferenceScanner.scanSpringRequestMappings(78) | 
Request mapping: selectRoleVoByPk belongs to groups: [[ResourceGroup{groupName='sys-role-controller', position=0}]] 
[UIAS_Web2_exploded] [INFO] [2019-09-17 00:12:59] com.mangofactory.swagger.scanners.ApiListingReferenceScanner.scanSpringRequestMappings(82) | 
Adding resource to group:ResourceGroup{groupName='sys-role-controller', position=0} with description:Sys Role Controller for handler method:selectRoleVoByPk
[UIAS_Web2_exploded] [INFO] [2019-09-17 00:12:59] com.mangofactory.swagger.core.ClassOrApiAnnotationResourceGrouping.getResourceGroups(50) | 
Group for method selectRoleName was sys-role-controller
[UIAS_Web2_exploded] [INFO] [2019-09-17 00:12:59] com.mangofactory.swagger.scanners.ApiListingReferenceScanner.scanSpringRequestMappings(78) | 
Request mapping: selectRoleName belongs to groups: [[ResourceGroup{groupName='sys-role-controller', position=0}]] 
[UIAS_Web2_exploded] [INFO] [2019-09-17 00:12:59] com.mangofactory.swagger.scanners.ApiListingReferenceScanner.scanSpringRequestMappings(82) | 
Adding resource to group:ResourceGroup{groupName='sys-role-controller', position=0} with description:Sys Role Controller for handler method:selectRoleName
[UIAS_Web2_exploded] [INFO] [2019-09-17 00:12:59] com.mangofactory.swagger.core.ClassOrApiAnnotationResourceGrouping.getResourceGroups(50) | 
Group for method selectPageRole was sys-role-controller
[UIAS_Web2_exploded] [INFO] [2019-09-17 00:12:59] com.mangofactory.swagger.scanners.ApiListingReferenceScanner.scanSpringRequestMappings(78) | 
Request mapping: selectPageRole belongs to groups: [[ResourceGroup{groupName='sys-role-controller', position=0}]] 
[UIAS_Web2_exploded] [INFO] [2019-09-17 00:12:59] com.mangofactory.swagger.scanners.ApiListingReferenceScanner.scanSpringRequestMappings(82) | 
Adding resource to group:ResourceGroup{groupName='sys-role-controller', position=0} with description:Sys Role Controller for handler method:selectPageRole
[UIAS_Web2_exploded] [INFO] [2019-09-17 00:12:59] com.mangofactory.swagger.core.ClassOrApiAnnotationResourceGrouping.getResourceGroups(50) | 
Group for method deleteRole was sys-role-controller
[UIAS_Web2_exploded] [INFO] [2019-09-17 00:12:59] com.mangofactory.swagger.scanners.ApiListingReferenceScanner.scanSpringRequestMappings(78) | 
Request mapping: deleteRole belongs to groups: [[ResourceGroup{groupName='sys-role-controller', position=0}]] 
[UIAS_Web2_exploded] [INFO] [2019-09-17 00:12:59] com.mangofactory.swagger.scanners.ApiListingReferenceScanner.scanSpringRequestMappings(82) | 
Adding resource to group:ResourceGroup{groupName='sys-role-controller', position=0} with description:Sys Role Controller for handler method:deleteRole
[UIAS_Web2_exploded] [INFO] [2019-09-17 00:12:59] com.mangofactory.swagger.core.ClassOrApiAnnotationResourceGrouping.getResourceGroups(50) | 
Group for method updateRoleVo was sys-role-controller
[UIAS_Web2_exploded] [INFO] [2019-09-17 00:12:59] com.mangofactory.swagger.scanners.ApiListingReferenceScanner.scanSpringRequestMappings(78) | 
Request mapping: updateRoleVo belongs to groups: [[ResourceGroup{groupName='sys-role-controller', position=0}]] 
[UIAS_Web2_exploded] [INFO] [2019-09-17 00:12:59] com.mangofactory.swagger.scanners.ApiListingReferenceScanner.scanSpringRequestMappings(82) | 
Adding resource to group:ResourceGroup{groupName='sys-role-controller', position=0} with description:Sys Role Controller for handler method:updateRoleVo
[UIAS_Web2_exploded] [INFO] [2019-09-17 00:12:59] com.mangofactory.swagger.core.ClassOrApiAnnotationResourceGrouping.getResourceGroups(50) | 
Group for method insertRoleVo was sys-role-controller
[UIAS_Web2_exploded] [INFO] [2019-09-17 00:12:59] com.mangofactory.swagger.scanners.ApiListingReferenceScanner.scanSpringRequestMappings(78) | 
Request mapping: insertRoleVo belongs to groups: [[ResourceGroup{groupName='sys-role-controller', position=0}]] 
[UIAS_Web2_exploded] [INFO] [2019-09-17 00:12:59] com.mangofactory.swagger.scanners.ApiListingReferenceScanner.scanSpringRequestMappings(82) | 
Adding resource to group:ResourceGroup{groupName='sys-role-controller', position=0} with description:Sys Role Controller for handler method:insertRoleVo
[UIAS_Web2_exploded] [INFO] [2019-09-17 00:12:59] com.mangofactory.swagger.core.ClassOrApiAnnotationResourceGrouping.getResourceGroups(50) | 
Group for method inserUserVo was sys-user-controller
[UIAS_Web2_exploded] [INFO] [2019-09-17 00:12:59] com.mangofactory.swagger.scanners.ApiListingReferenceScanner.scanSpringRequestMappings(78) | 
Request mapping: inserUserVo belongs to groups: [[ResourceGroup{groupName='sys-user-controller', position=0}]] 
[UIAS_Web2_exploded] [INFO] [2019-09-17 00:12:59] com.mangofactory.swagger.scanners.ApiListingReferenceScanner.scanSpringRequestMappings(82) | 
Adding resource to group:ResourceGroup{groupName='sys-user-controller', position=0} with description:Sys User Controller for handler method:inserUserVo
[UIAS_Web2_exploded] [INFO] [2019-09-17 00:12:59] com.mangofactory.swagger.core.ClassOrApiAnnotationResourceGrouping.getResourceGroups(50) | 
Group for method selectPageUserVo was sys-user-controller
[UIAS_Web2_exploded] [INFO] [2019-09-17 00:12:59] com.mangofactory.swagger.scanners.ApiListingReferenceScanner.scanSpringRequestMappings(78) | 
Request mapping: selectPageUserVo belongs to groups: [[ResourceGroup{groupName='sys-user-controller', position=0}]] 
[UIAS_Web2_exploded] [INFO] [2019-09-17 00:12:59] com.mangofactory.swagger.scanners.ApiListingReferenceScanner.scanSpringRequestMappings(82) | 
Adding resource to group:ResourceGroup{groupName='sys-user-controller', position=0} with description:Sys User Controller for handler method:selectPageUserVo
[UIAS_Web2_exploded] [INFO] [2019-09-17 00:12:59] com.mangofactory.swagger.core.ClassOrApiAnnotationResourceGrouping.getResourceGroups(50) | 
Group for method tiggerState was sys-user-controller
[UIAS_Web2_exploded] [INFO] [2019-09-17 00:12:59] com.mangofactory.swagger.scanners.ApiListingReferenceScanner.scanSpringRequestMappings(78) | 
Request mapping: tiggerState belongs to groups: [[ResourceGroup{groupName='sys-user-controller', position=0}]] 
[UIAS_Web2_exploded] [INFO] [2019-09-17 00:12:59] com.mangofactory.swagger.scanners.ApiListingReferenceScanner.scanSpringRequestMappings(82) | 
Adding resource to group:ResourceGroup{groupName='sys-user-controller', position=0} with description:Sys User Controller for handler method:tiggerState
[UIAS_Web2_exploded] [INFO] [2019-09-17 00:12:59] com.mangofactory.swagger.core.ClassOrApiAnnotationResourceGrouping.getResourceGroups(50) | 
Group for method deleteUser was sys-user-controller
[UIAS_Web2_exploded] [INFO] [2019-09-17 00:12:59] com.mangofactory.swagger.scanners.ApiListingReferenceScanner.scanSpringRequestMappings(78) | 
Request mapping: deleteUser belongs to groups: [[ResourceGroup{groupName='sys-user-controller', position=0}]] 
[UIAS_Web2_exploded] [INFO] [2019-09-17 00:12:59] com.mangofactory.swagger.scanners.ApiListingReferenceScanner.scanSpringRequestMappings(82) | 
Adding resource to group:ResourceGroup{groupName='sys-user-controller', position=0} with description:Sys User Controller for handler method:deleteUser
[UIAS_Web2_exploded] [INFO] [2019-09-17 00:12:59] com.mangofactory.swagger.core.ClassOrApiAnnotationResourceGrouping.getResourceGroups(50) | 
Group for method updateUserVo was sys-user-controller
[UIAS_Web2_exploded] [INFO] [2019-09-17 00:12:59] com.mangofactory.swagger.scanners.ApiListingReferenceScanner.scanSpringRequestMappings(78) | 
Request mapping: updateUserVo belongs to groups: [[ResourceGroup{groupName='sys-user-controller', position=0}]] 
[UIAS_Web2_exploded] [INFO] [2019-09-17 00:12:59] com.mangofactory.swagger.scanners.ApiListingReferenceScanner.scanSpringRequestMappings(82) | 
Adding resource to group:ResourceGroup{groupName='sys-user-controller', position=0} with description:Sys User Controller for handler method:updateUserVo
[UIAS_Web2_exploded] [INFO] [2019-09-17 00:12:59] com.mangofactory.swagger.core.ClassOrApiAnnotationResourceGrouping.getResourceGroups(50) | 
Group for method findMyUserVo was sys-user-controller
[UIAS_Web2_exploded] [INFO] [2019-09-17 00:12:59] com.mangofactory.swagger.scanners.ApiListingReferenceScanner.scanSpringRequestMappings(78) | 
Request mapping: findMyUserVo belongs to groups: [[ResourceGroup{groupName='sys-user-controller', position=0}]] 
[UIAS_Web2_exploded] [INFO] [2019-09-17 00:12:59] com.mangofactory.swagger.scanners.ApiListingReferenceScanner.scanSpringRequestMappings(82) | 
Adding resource to group:ResourceGroup{groupName='sys-user-controller', position=0} with description:Sys User Controller for handler method:findMyUserVo
[UIAS_Web2_exploded] [INFO] [2019-09-17 00:12:59] com.mangofactory.swagger.core.ClassOrApiAnnotationResourceGrouping.getResourceGroups(50) | 
Group for method updateMyUserVo was sys-user-controller
[UIAS_Web2_exploded] [INFO] [2019-09-17 00:12:59] com.mangofactory.swagger.scanners.ApiListingReferenceScanner.scanSpringRequestMappings(78) | 
Request mapping: updateMyUserVo belongs to groups: [[ResourceGroup{groupName='sys-user-controller', position=0}]] 
[UIAS_Web2_exploded] [INFO] [2019-09-17 00:12:59] com.mangofactory.swagger.scanners.ApiListingReferenceScanner.scanSpringRequestMappings(82) | 
Adding resource to group:ResourceGroup{groupName='sys-user-controller', position=0} with description:Sys User Controller for handler method:updateMyUserVo
[UIAS_Web2_exploded] [INFO] [2019-09-17 00:12:59] com.mangofactory.swagger.core.ClassOrApiAnnotationResourceGrouping.getResourceGroups(50) | 
Group for method expUserDTO was sys-user-controller
[UIAS_Web2_exploded] [INFO] [2019-09-17 00:12:59] com.mangofactory.swagger.scanners.ApiListingReferenceScanner.scanSpringRequestMappings(78) | 
Request mapping: expUserDTO belongs to groups: [[ResourceGroup{groupName='sys-user-controller', position=0}]] 
[UIAS_Web2_exploded] [INFO] [2019-09-17 00:12:59] com.mangofactory.swagger.scanners.ApiListingReferenceScanner.scanSpringRequestMappings(82) | 
Adding resource to group:ResourceGroup{groupName='sys-user-controller', position=0} with description:Sys User Controller for handler method:expUserDTO
[UIAS_Web2_exploded] [INFO] [2019-09-17 00:12:59] com.mangofactory.swagger.core.ClassOrApiAnnotationResourceGrouping.getResourceGroups(50) | 
Group for method impUserDTO was sys-user-controller
[UIAS_Web2_exploded] [INFO] [2019-09-17 00:12:59] com.mangofactory.swagger.scanners.ApiListingReferenceScanner.scanSpringRequestMappings(78) | 
Request mapping: impUserDTO belongs to groups: [[ResourceGroup{groupName='sys-user-controller', position=0}]] 
[UIAS_Web2_exploded] [INFO] [2019-09-17 00:12:59] com.mangofactory.swagger.scanners.ApiListingReferenceScanner.scanSpringRequestMappings(82) | 
Adding resource to group:ResourceGroup{groupName='sys-user-controller', position=0} with description:Sys User Controller for handler method:impUserDTO
[UIAS_Web2_exploded] [INFO] [2019-09-17 00:12:59] com.mangofactory.swagger.core.ClassOrApiAnnotationResourceGrouping.getResourceGroups(50) | 
Group for method selectUserAll was sys-user-controller
[UIAS_Web2_exploded] [INFO] [2019-09-17 00:12:59] com.mangofactory.swagger.scanners.ApiListingReferenceScanner.scanSpringRequestMappings(78) | 
Request mapping: selectUserAll belongs to groups: [[ResourceGroup{groupName='sys-user-controller', position=0}]] 
[UIAS_Web2_exploded] [INFO] [2019-09-17 00:12:59] com.mangofactory.swagger.scanners.ApiListingReferenceScanner.scanSpringRequestMappings(82) | 
Adding resource to group:ResourceGroup{groupName='sys-user-controller', position=0} with description:Sys User Controller for handler method:selectUserAll
[UIAS_Web2_exploded] [INFO] [2019-09-17 00:12:59] com.mangofactory.swagger.core.ClassOrApiAnnotationResourceGrouping.getResourceGroups(50) | 
Group for method selectUserVoByPk was sys-user-controller
[UIAS_Web2_exploded] [INFO] [2019-09-17 00:12:59] com.mangofactory.swagger.scanners.ApiListingReferenceScanner.scanSpringRequestMappings(78) | 
Request mapping: selectUserVoByPk belongs to groups: [[ResourceGroup{groupName='sys-user-controller', position=0}]] 
[UIAS_Web2_exploded] [INFO] [2019-09-17 00:12:59] com.mangofactory.swagger.scanners.ApiListingReferenceScanner.scanSpringRequestMappings(82) | 
Adding resource to group:ResourceGroup{groupName='sys-user-controller', position=0} with description:Sys User Controller for handler method:selectUserVoByPk
[UIAS_Web2_exploded] [INFO] [2019-09-17 00:12:59] com.mangofactory.swagger.core.ClassOrApiAnnotationResourceGrouping.getResourceGroups(50) | 
Group for method resetPassword was sys-user-controller
[UIAS_Web2_exploded] [INFO] [2019-09-17 00:12:59] com.mangofactory.swagger.scanners.ApiListingReferenceScanner.scanSpringRequestMappings(78) | 
Request mapping: resetPassword belongs to groups: [[ResourceGroup{groupName='sys-user-controller', position=0}]] 
[UIAS_Web2_exploded] [INFO] [2019-09-17 00:12:59] com.mangofactory.swagger.scanners.ApiListingReferenceScanner.scanSpringRequestMappings(82) | 
Adding resource to group:ResourceGroup{groupName='sys-user-controller', position=0} with description:Sys User Controller for handler method:resetPassword
[UIAS_Web2_exploded] [INFO] [2019-09-17 00:12:59] com.mangofactory.swagger.core.ClassOrApiAnnotationResourceGrouping.getResourceGroups(50) | 
Group for method generateRSAJsKey was rsa-controller
[UIAS_Web2_exploded] [INFO] [2019-09-17 00:12:59] com.mangofactory.swagger.scanners.ApiListingReferenceScanner.scanSpringRequestMappings(78) | 
Request mapping: generateRSAJsKey belongs to groups: [[ResourceGroup{groupName='rsa-controller', position=0}]] 
[UIAS_Web2_exploded] [INFO] [2019-09-17 00:12:59] com.mangofactory.swagger.scanners.ApiListingReferenceScanner.scanSpringRequestMappings(82) | 
Adding resource to group:ResourceGroup{groupName='rsa-controller', position=0} with description:RSA Controller for handler method:generateRSAJsKey
[UIAS_Web2_exploded] [INFO] [2019-09-17 00:12:59] com.mangofactory.swagger.core.RequestMappingEvaluator.hasIgnoredAnnotatedRequestMapping(74) | 
Excluding method as it contains the excluded annotation: interface com.mangofactory.swagger.annotations.ApiIgnore
[UIAS_Web2_exploded] [INFO] [2019-09-17 00:12:59] com.mangofactory.swagger.core.RequestMappingEvaluator.hasIgnoredAnnotatedRequestMapping(74) | 
Excluding method as it contains the excluded annotation: interface com.mangofactory.swagger.annotations.ApiIgnore
[UIAS_Web2_exploded] [INFO] [2019-09-17 00:12:59] com.mangofactory.swagger.scanners.ApiListingReferenceScanner.scanSpringRequestMappings(96) | 
Created resource listing Path: /default/login-controller Description: login-controller Position: 0
[UIAS_Web2_exploded] [INFO] [2019-09-17 00:12:59] com.mangofactory.swagger.scanners.ApiListingReferenceScanner.scanSpringRequestMappings(96) | 
Created resource listing Path: /default/sys-login-log-controller Description: sys-login-log-controller Position: 0
[UIAS_Web2_exploded] [INFO] [2019-09-17 00:12:59] com.mangofactory.swagger.scanners.ApiListingReferenceScanner.scanSpringRequestMappings(96) | 
Created resource listing Path: /default/sys-user-controller Description: sys-user-controller Position: 0
[UIAS_Web2_exploded] [INFO] [2019-09-17 00:12:59] com.mangofactory.swagger.scanners.ApiListingReferenceScanner.scanSpringRequestMappings(96) | 
Created resource listing Path: /default/sys-operation-log-controller Description: sys-operation-log-controller Position: 0
[UIAS_Web2_exploded] [INFO] [2019-09-17 00:12:59] com.mangofactory.swagger.scanners.ApiListingReferenceScanner.scanSpringRequestMappings(96) | 
Created resource listing Path: /default/rsa-controller Description: rsa-controller Position: 0
[UIAS_Web2_exploded] [INFO] [2019-09-17 00:12:59] com.mangofactory.swagger.scanners.ApiListingReferenceScanner.scanSpringRequestMappings(96) | 
Created resource listing Path: /default/sys-role-controller Description: sys-role-controller Position: 0
[UIAS_Web2_exploded] [INFO] [2019-09-17 00:13:04] com.mangofactory.swagger.core.SwaggerApiResourceListing.initialize(89) | 
Added a resource listing with (6) api resources: 
[UIAS_Web2_exploded] [INFO] [2019-09-17 00:13:04] com.mangofactory.swagger.core.SwaggerApiResourceListing.initialize(93) | 
  Login Controller at location: /api-docs/default/login-controller
[UIAS_Web2_exploded] [INFO] [2019-09-17 00:13:04] com.mangofactory.swagger.core.SwaggerApiResourceListing.initialize(93) | 
  RSA Controller at location: /api-docs/default/rsa-controller
[UIAS_Web2_exploded] [INFO] [2019-09-17 00:13:04] com.mangofactory.swagger.core.SwaggerApiResourceListing.initialize(93) | 
  Sys Login Log Controller at location: /api-docs/default/sys-login-log-controller
[UIAS_Web2_exploded] [INFO] [2019-09-17 00:13:04] com.mangofactory.swagger.core.SwaggerApiResourceListing.initialize(93) | 
  Sys Operation Log Controller at location: /api-docs/default/sys-operation-log-controller
[UIAS_Web2_exploded] [INFO] [2019-09-17 00:13:04] com.mangofactory.swagger.core.SwaggerApiResourceListing.initialize(93) | 
  Sys Role Controller at location: /api-docs/default/sys-role-controller
[UIAS_Web2_exploded] [INFO] [2019-09-17 00:13:04] com.mangofactory.swagger.core.SwaggerApiResourceListing.initialize(93) | 
  Sys User Controller at location: /api-docs/default/sys-user-controller
[UIAS_Web2_exploded] [INFO] [2019-09-17 00:13:04] org.springframework.web.servlet.FrameworkServlet.initServletBean(498) | 
FrameworkServlet 'springMVC': initialization completed in 13657 ms
[UIAS_Web2_exploded] [INFO] [2019-09-17 00:39:27] org.springframework.context.support.AbstractApplicationContext.doClose(873) | 
Closing WebApplicationContext for namespace 'springMVC-servlet': startup date [Tue Sep 17 00:12:51 CST 2019]; parent: Root WebApplicationContext
[UIAS_Web2_exploded] [INFO] [2019-09-17 00:39:28] org.springframework.context.support.AbstractApplicationContext.doClose(873) | 
Closing Root WebApplicationContext: startup date [Tue Sep 17 00:12:47 CST 2019]; root of context hierarchy
[UIAS_Web2_exploded] [INFO] [2019-09-17 01:04:50] org.springframework.web.context.ContextLoader.initWebApplicationContext(285) | 
Root WebApplicationContext: initialization started
[UIAS_Web2_exploded] [INFO] [2019-09-17 01:04:50] org.springframework.context.support.AbstractApplicationContext.prepareRefresh(513) | 
Refreshing Root WebApplicationContext: startup date [Tue Sep 17 01:04:50 CST 2019]; root of context hierarchy
[UIAS_Web2_exploded] [INFO] [2019-09-17 01:04:51] org.springframework.beans.factory.xml.XmlBeanDefinitionReader.loadBeanDefinitions(316) | 
Loading XML bean definitions from URL [file:/D:/workspace/UIAS/out/artifacts/UIAS_Web2_exploded/WEB-INF/classes/spring-mybatis.xml]
[UIAS_Web2_exploded] [INFO] [2019-09-17 01:04:51] org.springframework.core.io.support.PropertiesLoaderSupport.loadProperties(172) | 
Loading properties file from class path resource [jdbc.properties]
[UIAS_Web2_exploded] [INFO] [2019-09-17 01:04:51] org.springframework.beans.factory.annotation.AutowiredAnnotationBeanPostProcessor.<init>(141) | 
JSR-330 'javax.inject.Inject' annotation found and supported for autowiring
[UIAS_Web2_exploded] [INFO] [2019-09-17 01:04:52] org.springframework.web.context.ContextLoader.initWebApplicationContext(325) | 
Root WebApplicationContext: initialization completed in 2059 ms
[UIAS_Web2_exploded] [INFO] [2019-09-17 01:04:52] org.springframework.web.servlet.FrameworkServlet.initServletBean(479) | 
FrameworkServlet 'springMVC': initialization started
[UIAS_Web2_exploded] [INFO] [2019-09-17 01:04:52] org.springframework.context.support.AbstractApplicationContext.prepareRefresh(513) | 
Refreshing WebApplicationContext for namespace 'springMVC-servlet': startup date [Tue Sep 17 01:04:52 CST 2019]; parent: Root WebApplicationContext
[UIAS_Web2_exploded] [INFO] [2019-09-17 01:04:52] org.springframework.beans.factory.xml.XmlBeanDefinitionReader.loadBeanDefinitions(316) | 
Loading XML bean definitions from URL [file:/D:/workspace/UIAS/out/artifacts/UIAS_Web2_exploded/WEB-INF/classes/springMvc.xml]
[UIAS_Web2_exploded] [INFO] [2019-09-17 01:04:54] org.springframework.beans.factory.annotation.AutowiredAnnotationBeanPostProcessor.<init>(141) | 
JSR-330 'javax.inject.Inject' annotation found and supported for autowiring
[UIAS_Web2_exploded] [INFO] [2019-09-17 01:04:56] org.springframework.web.servlet.handler.AbstractHandlerMethodMapping.registerHandlerMethod(182) | 
Mapped "{[/index/login],methods=[POST],params=[],headers=[],consumes=[],produces=[],custom=[]}" onto public com.dc.base.pojo.BaseModel com.dc.controller.LoginController.login(com.dc.pojo.SysLoginLog,com.dc.base.pojo.BaseModel) throws java.lang.Exception
[UIAS_Web2_exploded] [INFO] [2019-09-17 01:04:56] org.springframework.web.servlet.handler.AbstractHandlerMethodMapping.registerHandlerMethod(182) | 
Mapped "{[/index/refreshSysMenu],methods=[],params=[],headers=[],consumes=[],produces=[],custom=[]}" onto public com.dc.base.pojo.BaseModel com.dc.controller.LoginController.refreshSysMenu(com.dc.base.pojo.BaseModel) throws java.lang.Exception
[UIAS_Web2_exploded] [INFO] [2019-09-17 01:04:56] org.springframework.web.servlet.handler.AbstractHandlerMethodMapping.registerHandlerMethod(182) | 
Mapped "{[/index/findMyMenu],methods=[],params=[],headers=[],consumes=[],produces=[],custom=[]}" onto public com.dc.base.pojo.BaseModel com.dc.controller.LoginController.findMyMenu(com.dc.base.pojo.BaseModel) throws java.lang.Exception
[UIAS_Web2_exploded] [INFO] [2019-09-17 01:04:56] org.springframework.web.servlet.handler.AbstractHandlerMethodMapping.registerHandlerMethod(182) | 
Mapped "{[/index/loginOut],methods=[],params=[],headers=[],consumes=[],produces=[],custom=[]}" onto public com.dc.base.pojo.BaseModel com.dc.controller.LoginController.loginOut(com.dc.pojo.SysLoginLog,com.dc.base.pojo.BaseModel) throws java.lang.Exception
[UIAS_Web2_exploded] [INFO] [2019-09-17 01:04:56] org.springframework.web.servlet.handler.AbstractHandlerMethodMapping.registerHandlerMethod(182) | 
Mapped "{[/index/selectEnumRoleMenu],methods=[],params=[],headers=[],consumes=[],produces=[],custom=[]}" onto public com.dc.base.pojo.BaseModel com.dc.controller.LoginController.selectEnumRoleMenu(com.dc.base.pojo.BaseModel) throws java.lang.Exception
[UIAS_Web2_exploded] [INFO] [2019-09-17 01:04:56] org.springframework.web.servlet.handler.AbstractHandlerMethodMapping.registerHandlerMethod(182) | 
Mapped "{[/loginLog/selectPageLoginLog],methods=[],params=[],headers=[],consumes=[],produces=[],custom=[]}" onto public com.dc.base.pojo.BaseModel com.dc.controller.SysLoginLogController.selectPageLoginLog(com.dc.base.pojo.BaseModel) throws java.lang.Exception
[UIAS_Web2_exploded] [INFO] [2019-09-17 01:04:56] org.springframework.web.servlet.handler.AbstractHandlerMethodMapping.registerHandlerMethod(182) | 
Mapped "{[/loginLog/selectPageMyLoginLog],methods=[],params=[],headers=[],consumes=[],produces=[],custom=[]}" onto public com.dc.base.pojo.BaseModel com.dc.controller.SysLoginLogController.selectPageMyLoginLog(com.dc.base.pojo.BaseModel) throws java.lang.Exception
[UIAS_Web2_exploded] [INFO] [2019-09-17 01:04:56] org.springframework.web.servlet.handler.AbstractHandlerMethodMapping.registerHandlerMethod(182) | 
Mapped "{[/operationLog/selectPageOperationLog],methods=[],params=[],headers=[],consumes=[],produces=[],custom=[]}" onto public com.dc.base.pojo.BaseModel com.dc.controller.SysOperationLogController.selectPageOperationLog(com.dc.base.pojo.BaseModel) throws java.lang.Exception
[UIAS_Web2_exploded] [INFO] [2019-09-17 01:04:56] org.springframework.web.servlet.handler.AbstractHandlerMethodMapping.registerHandlerMethod(182) | 
Mapped "{[/role/selectRoleName],methods=[],params=[],headers=[],consumes=[],produces=[],custom=[]}" onto public com.dc.base.pojo.BaseModel com.dc.controller.SysRoleController.selectRoleName(com.dc.base.pojo.BaseModel) throws java.lang.Exception
[UIAS_Web2_exploded] [INFO] [2019-09-17 01:04:56] org.springframework.web.servlet.handler.AbstractHandlerMethodMapping.registerHandlerMethod(182) | 
Mapped "{[/role/selectRoleVoById/{pk}],methods=[],params=[],headers=[],consumes=[],produces=[],custom=[]}" onto public com.dc.base.pojo.BaseModel com.dc.controller.SysRoleController.selectRoleVoByPk(com.dc.base.pojo.BaseModel,int) throws java.lang.Exception
[UIAS_Web2_exploded] [INFO] [2019-09-17 01:04:56] org.springframework.web.servlet.handler.AbstractHandlerMethodMapping.registerHandlerMethod(182) | 
Mapped "{[/role/insertRoleVo],methods=[POST],params=[],headers=[],consumes=[],produces=[],custom=[]}" onto public com.dc.base.pojo.BaseModel com.dc.controller.SysRoleController.insertRoleVo(com.dc.vo.SysRoleVo,com.dc.base.pojo.BaseModel) throws java.lang.Exception
[UIAS_Web2_exploded] [INFO] [2019-09-17 01:04:56] org.springframework.web.servlet.handler.AbstractHandlerMethodMapping.registerHandlerMethod(182) | 
Mapped "{[/role/selectPageRole],methods=[],params=[],headers=[],consumes=[],produces=[],custom=[]}" onto public com.dc.base.pojo.BaseModel com.dc.controller.SysRoleController.selectPageRole(com.dc.base.pojo.BaseModel) throws java.lang.Exception
[UIAS_Web2_exploded] [INFO] [2019-09-17 01:04:56] org.springframework.web.servlet.handler.AbstractHandlerMethodMapping.registerHandlerMethod(182) | 
Mapped "{[/role/updateRoleVo],methods=[POST],params=[],headers=[],consumes=[],produces=[],custom=[]}" onto public com.dc.base.pojo.BaseModel com.dc.controller.SysRoleController.updateRoleVo(com.dc.vo.SysRoleVo,com.dc.base.pojo.BaseModel) throws java.lang.Exception
[UIAS_Web2_exploded] [INFO] [2019-09-17 01:04:56] org.springframework.web.servlet.handler.AbstractHandlerMethodMapping.registerHandlerMethod(182) | 
Mapped "{[/role/deleteRole/{ids}],methods=[],params=[],headers=[],consumes=[],produces=[],custom=[]}" onto public com.dc.base.pojo.BaseModel com.dc.controller.SysRoleController.deleteRole(com.dc.base.pojo.BaseModel,java.lang.String) throws java.lang.Exception
[UIAS_Web2_exploded] [INFO] [2019-09-17 01:04:56] org.springframework.web.servlet.handler.AbstractHandlerMethodMapping.registerHandlerMethod(182) | 
Mapped "{[/sysUser/selectUserAll],methods=[],params=[],headers=[],consumes=[],produces=[],custom=[]}" onto public com.dc.base.pojo.BaseModel com.dc.controller.SysUserController.selectUserAll(java.lang.Integer,java.lang.Integer)
[UIAS_Web2_exploded] [INFO] [2019-09-17 01:04:56] org.springframework.web.servlet.handler.AbstractHandlerMethodMapping.registerHandlerMethod(182) | 
Mapped "{[/sysUser/selectUserVoByUserId/{pk}],methods=[],params=[],headers=[],consumes=[],produces=[],custom=[]}" onto public com.dc.base.pojo.BaseModel com.dc.controller.SysUserController.selectUserVoByPk(int,com.dc.base.pojo.BaseModel) throws java.lang.Exception
[UIAS_Web2_exploded] [INFO] [2019-09-17 01:04:56] org.springframework.web.servlet.handler.AbstractHandlerMethodMapping.registerHandlerMethod(182) | 
Mapped "{[/sysUser/resetPassword/{pk}],methods=[],params=[],headers=[],consumes=[],produces=[],custom=[]}" onto public com.dc.base.pojo.BaseModel com.dc.controller.SysUserController.resetPassword(int,com.dc.base.pojo.BaseModel) throws java.lang.Exception
[UIAS_Web2_exploded] [INFO] [2019-09-17 01:04:56] org.springframework.web.servlet.handler.AbstractHandlerMethodMapping.registerHandlerMethod(182) | 
Mapped "{[/sysUser/selectPageUserVo],methods=[],params=[],headers=[],consumes=[],produces=[],custom=[]}" onto public com.dc.base.pojo.BaseModel com.dc.controller.SysUserController.selectPageUserVo(com.dc.base.pojo.BaseModel) throws java.lang.Exception
[UIAS_Web2_exploded] [INFO] [2019-09-17 01:04:56] org.springframework.web.servlet.handler.AbstractHandlerMethodMapping.registerHandlerMethod(182) | 
Mapped "{[/sysUser/updateUserVo],methods=[],params=[],headers=[],consumes=[],produces=[],custom=[]}" onto public com.dc.base.pojo.BaseModel com.dc.controller.SysUserController.updateUserVo(com.dc.vo.SysUserVo,com.dc.base.pojo.BaseModel) throws java.lang.Exception
[UIAS_Web2_exploded] [INFO] [2019-09-17 01:04:56] org.springframework.web.servlet.handler.AbstractHandlerMethodMapping.registerHandlerMethod(182) | 
Mapped "{[/sysUser/deleteUser/{userIds}],methods=[],params=[],headers=[],consumes=[],produces=[],custom=[]}" onto public com.dc.base.pojo.BaseModel com.dc.controller.SysUserController.deleteUser(java.lang.String,com.dc.base.pojo.BaseModel) throws java.lang.Exception
[UIAS_Web2_exploded] [INFO] [2019-09-17 01:04:56] org.springframework.web.servlet.handler.AbstractHandlerMethodMapping.registerHandlerMethod(182) | 
Mapped "{[/sysUser/tiggerState/{pk}],methods=[],params=[],headers=[],consumes=[],produces=[],custom=[]}" onto public com.dc.base.pojo.BaseModel com.dc.controller.SysUserController.tiggerState(int,com.dc.base.pojo.BaseModel) throws java.lang.Exception
[UIAS_Web2_exploded] [INFO] [2019-09-17 01:04:56] org.springframework.web.servlet.handler.AbstractHandlerMethodMapping.registerHandlerMethod(182) | 
Mapped "{[/sysUser/insertUserVo],methods=[],params=[],headers=[],consumes=[],produces=[],custom=[]}" onto public com.dc.base.pojo.BaseModel com.dc.controller.SysUserController.inserUserVo(com.dc.vo.SysUserVo,com.dc.base.pojo.BaseModel) throws java.lang.Exception
[UIAS_Web2_exploded] [INFO] [2019-09-17 01:04:56] org.springframework.web.servlet.handler.AbstractHandlerMethodMapping.registerHandlerMethod(182) | 
Mapped "{[/sysUser/findMyUserVo],methods=[],params=[],headers=[],consumes=[],produces=[],custom=[]}" onto public com.dc.base.pojo.BaseModel com.dc.controller.SysUserController.findMyUserVo(com.dc.base.pojo.BaseModel) throws java.lang.Exception
[UIAS_Web2_exploded] [INFO] [2019-09-17 01:04:56] org.springframework.web.servlet.handler.AbstractHandlerMethodMapping.registerHandlerMethod(182) | 
Mapped "{[/sysUser/expUserDTO],methods=[],params=[],headers=[],consumes=[],produces=[],custom=[]}" onto public void com.dc.controller.SysUserController.expUserDTO(com.dc.base.pojo.BaseModel) throws java.lang.Exception
[UIAS_Web2_exploded] [INFO] [2019-09-17 01:04:56] org.springframework.web.servlet.handler.AbstractHandlerMethodMapping.registerHandlerMethod(182) | 
Mapped "{[/sysUser/updateMyUserVo],methods=[],params=[],headers=[],consumes=[],produces=[],custom=[]}" onto public com.dc.base.pojo.BaseModel com.dc.controller.SysUserController.updateMyUserVo(com.dc.vo.SysUserVo,com.dc.base.pojo.BaseModel) throws java.lang.Exception
[UIAS_Web2_exploded] [INFO] [2019-09-17 01:04:56] org.springframework.web.servlet.handler.AbstractHandlerMethodMapping.registerHandlerMethod(182) | 
Mapped "{[/sysUser/impUserDTO],methods=[],params=[],headers=[],consumes=[],produces=[],custom=[]}" onto public com.dc.base.pojo.BaseModel com.dc.controller.SysUserController.impUserDTO(com.dc.base.pojo.BaseModel) throws java.lang.Exception
[UIAS_Web2_exploded] [INFO] [2019-09-17 01:04:56] org.springframework.web.servlet.handler.AbstractHandlerMethodMapping.registerHandlerMethod(182) | 
Mapped "{[/rsa/generateRSAJsKey],methods=[],params=[],headers=[],consumes=[],produces=[],custom=[]}" onto public java.lang.String com.dc.base.controller.RSAController.generateRSAJsKey(javax.servlet.http.HttpServletRequest) throws java.lang.Exception
[UIAS_Web2_exploded] [INFO] [2019-09-17 01:04:56] org.springframework.web.servlet.handler.AbstractHandlerMethodMapping.registerHandlerMethod(182) | 
Mapped "{[/api-docs/{swaggerGroup}/{apiDeclaration}],methods=[GET],params=[],headers=[],consumes=[],produces=[],custom=[]}" onto public org.springframework.http.ResponseEntity<com.mangofactory.swagger.models.dto.ApiListing> com.mangofactory.swagger.controllers.DefaultSwaggerController.getApiListing(java.lang.String,java.lang.String)
[UIAS_Web2_exploded] [INFO] [2019-09-17 01:04:56] org.springframework.web.servlet.handler.AbstractHandlerMethodMapping.registerHandlerMethod(182) | 
Mapped "{[/api-docs],methods=[GET],params=[],headers=[],consumes=[],produces=[],custom=[]}" onto public org.springframework.http.ResponseEntity<com.mangofactory.swagger.models.dto.ResourceListing> com.mangofactory.swagger.controllers.DefaultSwaggerController.getResourceListing(java.lang.String)
[UIAS_Web2_exploded] [INFO] [2019-09-17 01:04:56] org.hibernate.validator.internal.util.Version.<clinit>(30) | 
HV000001: Hibernate Validator 5.2.4.Final
[UIAS_Web2_exploded] [INFO] [2019-09-17 01:04:58] org.springframework.web.servlet.handler.AbstractUrlHandlerMapping.registerHandler(315) | 
Mapped URL path [/**] onto handler 'org.springframework.web.servlet.resource.DefaultServletHttpRequestHandler#0'
[UIAS_Web2_exploded] [INFO] [2019-09-17 01:04:58] org.springframework.web.servlet.handler.AbstractUrlHandlerMapping.registerHandler(315) | 
Mapped URL path [/swagger/**] onto handler 'org.springframework.web.servlet.resource.ResourceHttpRequestHandler#0'
[UIAS_Web2_exploded] [INFO] [2019-09-17 01:04:59] com.mangofactory.swagger.plugin.SwaggerPluginAdapter.onApplicationEvent(33) | 
Context refreshed
[UIAS_Web2_exploded] [INFO] [2019-09-17 01:04:59] com.mangofactory.swagger.plugin.SwaggerPluginAdapter.onApplicationEvent(46) | 
Found custom SwaggerSpringMvcPlugins
[UIAS_Web2_exploded] [INFO] [2019-09-17 01:04:59] com.mangofactory.swagger.plugin.SwaggerPluginAdapter.onApplicationEvent(50) | 
initializing plugin bean customImplementation
[UIAS_Web2_exploded] [INFO] [2019-09-17 01:04:59] com.mangofactory.swagger.scanners.ApiListingReferenceScanner.scan(55) | 
Scanning for api listing references
[UIAS_Web2_exploded] [INFO] [2019-09-17 01:04:59] com.mangofactory.swagger.core.ClassOrApiAnnotationResourceGrouping.getResourceGroups(50) | 
Group for method login was login-controller
[UIAS_Web2_exploded] [INFO] [2019-09-17 01:04:59] com.mangofactory.swagger.scanners.ApiListingReferenceScanner.scanSpringRequestMappings(78) | 
Request mapping: login belongs to groups: [[ResourceGroup{groupName='login-controller', position=0}]] 
[UIAS_Web2_exploded] [INFO] [2019-09-17 01:04:59] com.mangofactory.swagger.scanners.ApiListingReferenceScanner.scanSpringRequestMappings(82) | 
Adding resource to group:ResourceGroup{groupName='login-controller', position=0} with description:Login Controller for handler method:login
[UIAS_Web2_exploded] [INFO] [2019-09-17 01:04:59] com.mangofactory.swagger.core.ClassOrApiAnnotationResourceGrouping.getResourceGroups(50) | 
Group for method refreshSysMenu was login-controller
[UIAS_Web2_exploded] [INFO] [2019-09-17 01:04:59] com.mangofactory.swagger.scanners.ApiListingReferenceScanner.scanSpringRequestMappings(78) | 
Request mapping: refreshSysMenu belongs to groups: [[ResourceGroup{groupName='login-controller', position=0}]] 
[UIAS_Web2_exploded] [INFO] [2019-09-17 01:04:59] com.mangofactory.swagger.scanners.ApiListingReferenceScanner.scanSpringRequestMappings(82) | 
Adding resource to group:ResourceGroup{groupName='login-controller', position=0} with description:Login Controller for handler method:refreshSysMenu
[UIAS_Web2_exploded] [INFO] [2019-09-17 01:04:59] com.mangofactory.swagger.core.ClassOrApiAnnotationResourceGrouping.getResourceGroups(50) | 
Group for method findMyMenu was login-controller
[UIAS_Web2_exploded] [INFO] [2019-09-17 01:04:59] com.mangofactory.swagger.scanners.ApiListingReferenceScanner.scanSpringRequestMappings(78) | 
Request mapping: findMyMenu belongs to groups: [[ResourceGroup{groupName='login-controller', position=0}]] 
[UIAS_Web2_exploded] [INFO] [2019-09-17 01:04:59] com.mangofactory.swagger.scanners.ApiListingReferenceScanner.scanSpringRequestMappings(82) | 
Adding resource to group:ResourceGroup{groupName='login-controller', position=0} with description:Login Controller for handler method:findMyMenu
[UIAS_Web2_exploded] [INFO] [2019-09-17 01:04:59] com.mangofactory.swagger.core.ClassOrApiAnnotationResourceGrouping.getResourceGroups(50) | 
Group for method loginOut was login-controller
[UIAS_Web2_exploded] [INFO] [2019-09-17 01:04:59] com.mangofactory.swagger.scanners.ApiListingReferenceScanner.scanSpringRequestMappings(78) | 
Request mapping: loginOut belongs to groups: [[ResourceGroup{groupName='login-controller', position=0}]] 
[UIAS_Web2_exploded] [INFO] [2019-09-17 01:04:59] com.mangofactory.swagger.scanners.ApiListingReferenceScanner.scanSpringRequestMappings(82) | 
Adding resource to group:ResourceGroup{groupName='login-controller', position=0} with description:Login Controller for handler method:loginOut
[UIAS_Web2_exploded] [INFO] [2019-09-17 01:04:59] com.mangofactory.swagger.core.ClassOrApiAnnotationResourceGrouping.getResourceGroups(50) | 
Group for method selectEnumRoleMenu was login-controller
[UIAS_Web2_exploded] [INFO] [2019-09-17 01:04:59] com.mangofactory.swagger.scanners.ApiListingReferenceScanner.scanSpringRequestMappings(78) | 
Request mapping: selectEnumRoleMenu belongs to groups: [[ResourceGroup{groupName='login-controller', position=0}]] 
[UIAS_Web2_exploded] [INFO] [2019-09-17 01:04:59] com.mangofactory.swagger.scanners.ApiListingReferenceScanner.scanSpringRequestMappings(82) | 
Adding resource to group:ResourceGroup{groupName='login-controller', position=0} with description:Login Controller for handler method:selectEnumRoleMenu
[UIAS_Web2_exploded] [INFO] [2019-09-17 01:04:59] com.mangofactory.swagger.core.ClassOrApiAnnotationResourceGrouping.getResourceGroups(50) | 
Group for method selectPageLoginLog was sys-login-log-controller
[UIAS_Web2_exploded] [INFO] [2019-09-17 01:04:59] com.mangofactory.swagger.scanners.ApiListingReferenceScanner.scanSpringRequestMappings(78) | 
Request mapping: selectPageLoginLog belongs to groups: [[ResourceGroup{groupName='sys-login-log-controller', position=0}]] 
[UIAS_Web2_exploded] [INFO] [2019-09-17 01:04:59] com.mangofactory.swagger.scanners.ApiListingReferenceScanner.scanSpringRequestMappings(82) | 
Adding resource to group:ResourceGroup{groupName='sys-login-log-controller', position=0} with description:Sys Login Log Controller for handler method:selectPageLoginLog
[UIAS_Web2_exploded] [INFO] [2019-09-17 01:04:59] com.mangofactory.swagger.core.ClassOrApiAnnotationResourceGrouping.getResourceGroups(50) | 
Group for method selectPageMyLoginLog was sys-login-log-controller
[UIAS_Web2_exploded] [INFO] [2019-09-17 01:04:59] com.mangofactory.swagger.scanners.ApiListingReferenceScanner.scanSpringRequestMappings(78) | 
Request mapping: selectPageMyLoginLog belongs to groups: [[ResourceGroup{groupName='sys-login-log-controller', position=0}]] 
[UIAS_Web2_exploded] [INFO] [2019-09-17 01:04:59] com.mangofactory.swagger.scanners.ApiListingReferenceScanner.scanSpringRequestMappings(82) | 
Adding resource to group:ResourceGroup{groupName='sys-login-log-controller', position=0} with description:Sys Login Log Controller for handler method:selectPageMyLoginLog
[UIAS_Web2_exploded] [INFO] [2019-09-17 01:04:59] com.mangofactory.swagger.core.ClassOrApiAnnotationResourceGrouping.getResourceGroups(50) | 
Group for method selectPageOperationLog was sys-operation-log-controller
[UIAS_Web2_exploded] [INFO] [2019-09-17 01:04:59] com.mangofactory.swagger.scanners.ApiListingReferenceScanner.scanSpringRequestMappings(78) | 
Request mapping: selectPageOperationLog belongs to groups: [[ResourceGroup{groupName='sys-operation-log-controller', position=0}]] 
[UIAS_Web2_exploded] [INFO] [2019-09-17 01:04:59] com.mangofactory.swagger.scanners.ApiListingReferenceScanner.scanSpringRequestMappings(82) | 
Adding resource to group:ResourceGroup{groupName='sys-operation-log-controller', position=0} with description:Sys Operation Log Controller for handler method:selectPageOperationLog
[UIAS_Web2_exploded] [INFO] [2019-09-17 01:04:59] com.mangofactory.swagger.core.ClassOrApiAnnotationResourceGrouping.getResourceGroups(50) | 
Group for method selectRoleName was sys-role-controller
[UIAS_Web2_exploded] [INFO] [2019-09-17 01:04:59] com.mangofactory.swagger.scanners.ApiListingReferenceScanner.scanSpringRequestMappings(78) | 
Request mapping: selectRoleName belongs to groups: [[ResourceGroup{groupName='sys-role-controller', position=0}]] 
[UIAS_Web2_exploded] [INFO] [2019-09-17 01:04:59] com.mangofactory.swagger.scanners.ApiListingReferenceScanner.scanSpringRequestMappings(82) | 
Adding resource to group:ResourceGroup{groupName='sys-role-controller', position=0} with description:Sys Role Controller for handler method:selectRoleName
[UIAS_Web2_exploded] [INFO] [2019-09-17 01:04:59] com.mangofactory.swagger.core.ClassOrApiAnnotationResourceGrouping.getResourceGroups(50) | 
Group for method selectRoleVoByPk was sys-role-controller
[UIAS_Web2_exploded] [INFO] [2019-09-17 01:04:59] com.mangofactory.swagger.scanners.ApiListingReferenceScanner.scanSpringRequestMappings(78) | 
Request mapping: selectRoleVoByPk belongs to groups: [[ResourceGroup{groupName='sys-role-controller', position=0}]] 
[UIAS_Web2_exploded] [INFO] [2019-09-17 01:04:59] com.mangofactory.swagger.scanners.ApiListingReferenceScanner.scanSpringRequestMappings(82) | 
Adding resource to group:ResourceGroup{groupName='sys-role-controller', position=0} with description:Sys Role Controller for handler method:selectRoleVoByPk
[UIAS_Web2_exploded] [INFO] [2019-09-17 01:04:59] com.mangofactory.swagger.core.ClassOrApiAnnotationResourceGrouping.getResourceGroups(50) | 
Group for method insertRoleVo was sys-role-controller
[UIAS_Web2_exploded] [INFO] [2019-09-17 01:04:59] com.mangofactory.swagger.scanners.ApiListingReferenceScanner.scanSpringRequestMappings(78) | 
Request mapping: insertRoleVo belongs to groups: [[ResourceGroup{groupName='sys-role-controller', position=0}]] 
[UIAS_Web2_exploded] [INFO] [2019-09-17 01:04:59] com.mangofactory.swagger.scanners.ApiListingReferenceScanner.scanSpringRequestMappings(82) | 
Adding resource to group:ResourceGroup{groupName='sys-role-controller', position=0} with description:Sys Role Controller for handler method:insertRoleVo
[UIAS_Web2_exploded] [INFO] [2019-09-17 01:04:59] com.mangofactory.swagger.core.ClassOrApiAnnotationResourceGrouping.getResourceGroups(50) | 
Group for method selectPageRole was sys-role-controller
[UIAS_Web2_exploded] [INFO] [2019-09-17 01:04:59] com.mangofactory.swagger.scanners.ApiListingReferenceScanner.scanSpringRequestMappings(78) | 
Request mapping: selectPageRole belongs to groups: [[ResourceGroup{groupName='sys-role-controller', position=0}]] 
[UIAS_Web2_exploded] [INFO] [2019-09-17 01:04:59] com.mangofactory.swagger.scanners.ApiListingReferenceScanner.scanSpringRequestMappings(82) | 
Adding resource to group:ResourceGroup{groupName='sys-role-controller', position=0} with description:Sys Role Controller for handler method:selectPageRole
[UIAS_Web2_exploded] [INFO] [2019-09-17 01:04:59] com.mangofactory.swagger.core.ClassOrApiAnnotationResourceGrouping.getResourceGroups(50) | 
Group for method updateRoleVo was sys-role-controller
[UIAS_Web2_exploded] [INFO] [2019-09-17 01:04:59] com.mangofactory.swagger.scanners.ApiListingReferenceScanner.scanSpringRequestMappings(78) | 
Request mapping: updateRoleVo belongs to groups: [[ResourceGroup{groupName='sys-role-controller', position=0}]] 
[UIAS_Web2_exploded] [INFO] [2019-09-17 01:04:59] com.mangofactory.swagger.scanners.ApiListingReferenceScanner.scanSpringRequestMappings(82) | 
Adding resource to group:ResourceGroup{groupName='sys-role-controller', position=0} with description:Sys Role Controller for handler method:updateRoleVo
[UIAS_Web2_exploded] [INFO] [2019-09-17 01:04:59] com.mangofactory.swagger.core.ClassOrApiAnnotationResourceGrouping.getResourceGroups(50) | 
Group for method deleteRole was sys-role-controller
[UIAS_Web2_exploded] [INFO] [2019-09-17 01:04:59] com.mangofactory.swagger.scanners.ApiListingReferenceScanner.scanSpringRequestMappings(78) | 
Request mapping: deleteRole belongs to groups: [[ResourceGroup{groupName='sys-role-controller', position=0}]] 
[UIAS_Web2_exploded] [INFO] [2019-09-17 01:04:59] com.mangofactory.swagger.scanners.ApiListingReferenceScanner.scanSpringRequestMappings(82) | 
Adding resource to group:ResourceGroup{groupName='sys-role-controller', position=0} with description:Sys Role Controller for handler method:deleteRole
[UIAS_Web2_exploded] [INFO] [2019-09-17 01:04:59] com.mangofactory.swagger.core.ClassOrApiAnnotationResourceGrouping.getResourceGroups(50) | 
Group for method selectUserAll was sys-user-controller
[UIAS_Web2_exploded] [INFO] [2019-09-17 01:04:59] com.mangofactory.swagger.scanners.ApiListingReferenceScanner.scanSpringRequestMappings(78) | 
Request mapping: selectUserAll belongs to groups: [[ResourceGroup{groupName='sys-user-controller', position=0}]] 
[UIAS_Web2_exploded] [INFO] [2019-09-17 01:04:59] com.mangofactory.swagger.scanners.ApiListingReferenceScanner.scanSpringRequestMappings(82) | 
Adding resource to group:ResourceGroup{groupName='sys-user-controller', position=0} with description:Sys User Controller for handler method:selectUserAll
[UIAS_Web2_exploded] [INFO] [2019-09-17 01:04:59] com.mangofactory.swagger.core.ClassOrApiAnnotationResourceGrouping.getResourceGroups(50) | 
Group for method selectUserVoByPk was sys-user-controller
[UIAS_Web2_exploded] [INFO] [2019-09-17 01:04:59] com.mangofactory.swagger.scanners.ApiListingReferenceScanner.scanSpringRequestMappings(78) | 
Request mapping: selectUserVoByPk belongs to groups: [[ResourceGroup{groupName='sys-user-controller', position=0}]] 
[UIAS_Web2_exploded] [INFO] [2019-09-17 01:04:59] com.mangofactory.swagger.scanners.ApiListingReferenceScanner.scanSpringRequestMappings(82) | 
Adding resource to group:ResourceGroup{groupName='sys-user-controller', position=0} with description:Sys User Controller for handler method:selectUserVoByPk
[UIAS_Web2_exploded] [INFO] [2019-09-17 01:04:59] com.mangofactory.swagger.core.ClassOrApiAnnotationResourceGrouping.getResourceGroups(50) | 
Group for method resetPassword was sys-user-controller
[UIAS_Web2_exploded] [INFO] [2019-09-17 01:04:59] com.mangofactory.swagger.scanners.ApiListingReferenceScanner.scanSpringRequestMappings(78) | 
Request mapping: resetPassword belongs to groups: [[ResourceGroup{groupName='sys-user-controller', position=0}]] 
[UIAS_Web2_exploded] [INFO] [2019-09-17 01:04:59] com.mangofactory.swagger.scanners.ApiListingReferenceScanner.scanSpringRequestMappings(82) | 
Adding resource to group:ResourceGroup{groupName='sys-user-controller', position=0} with description:Sys User Controller for handler method:resetPassword
[UIAS_Web2_exploded] [INFO] [2019-09-17 01:04:59] com.mangofactory.swagger.core.ClassOrApiAnnotationResourceGrouping.getResourceGroups(50) | 
Group for method selectPageUserVo was sys-user-controller
[UIAS_Web2_exploded] [INFO] [2019-09-17 01:04:59] com.mangofactory.swagger.scanners.ApiListingReferenceScanner.scanSpringRequestMappings(78) | 
Request mapping: selectPageUserVo belongs to groups: [[ResourceGroup{groupName='sys-user-controller', position=0}]] 
[UIAS_Web2_exploded] [INFO] [2019-09-17 01:04:59] com.mangofactory.swagger.scanners.ApiListingReferenceScanner.scanSpringRequestMappings(82) | 
Adding resource to group:ResourceGroup{groupName='sys-user-controller', position=0} with description:Sys User Controller for handler method:selectPageUserVo
[UIAS_Web2_exploded] [INFO] [2019-09-17 01:04:59] com.mangofactory.swagger.core.ClassOrApiAnnotationResourceGrouping.getResourceGroups(50) | 
Group for method updateUserVo was sys-user-controller
[UIAS_Web2_exploded] [INFO] [2019-09-17 01:04:59] com.mangofactory.swagger.scanners.ApiListingReferenceScanner.scanSpringRequestMappings(78) | 
Request mapping: updateUserVo belongs to groups: [[ResourceGroup{groupName='sys-user-controller', position=0}]] 
[UIAS_Web2_exploded] [INFO] [2019-09-17 01:04:59] com.mangofactory.swagger.scanners.ApiListingReferenceScanner.scanSpringRequestMappings(82) | 
Adding resource to group:ResourceGroup{groupName='sys-user-controller', position=0} with description:Sys User Controller for handler method:updateUserVo
[UIAS_Web2_exploded] [INFO] [2019-09-17 01:04:59] com.mangofactory.swagger.core.ClassOrApiAnnotationResourceGrouping.getResourceGroups(50) | 
Group for method deleteUser was sys-user-controller
[UIAS_Web2_exploded] [INFO] [2019-09-17 01:04:59] com.mangofactory.swagger.scanners.ApiListingReferenceScanner.scanSpringRequestMappings(78) | 
Request mapping: deleteUser belongs to groups: [[ResourceGroup{groupName='sys-user-controller', position=0}]] 
[UIAS_Web2_exploded] [INFO] [2019-09-17 01:04:59] com.mangofactory.swagger.scanners.ApiListingReferenceScanner.scanSpringRequestMappings(82) | 
Adding resource to group:ResourceGroup{groupName='sys-user-controller', position=0} with description:Sys User Controller for handler method:deleteUser
[UIAS_Web2_exploded] [INFO] [2019-09-17 01:04:59] com.mangofactory.swagger.core.ClassOrApiAnnotationResourceGrouping.getResourceGroups(50) | 
Group for method tiggerState was sys-user-controller
[UIAS_Web2_exploded] [INFO] [2019-09-17 01:04:59] com.mangofactory.swagger.scanners.ApiListingReferenceScanner.scanSpringRequestMappings(78) | 
Request mapping: tiggerState belongs to groups: [[ResourceGroup{groupName='sys-user-controller', position=0}]] 
[UIAS_Web2_exploded] [INFO] [2019-09-17 01:04:59] com.mangofactory.swagger.scanners.ApiListingReferenceScanner.scanSpringRequestMappings(82) | 
Adding resource to group:ResourceGroup{groupName='sys-user-controller', position=0} with description:Sys User Controller for handler method:tiggerState
[UIAS_Web2_exploded] [INFO] [2019-09-17 01:04:59] com.mangofactory.swagger.core.ClassOrApiAnnotationResourceGrouping.getResourceGroups(50) | 
Group for method inserUserVo was sys-user-controller
[UIAS_Web2_exploded] [INFO] [2019-09-17 01:04:59] com.mangofactory.swagger.scanners.ApiListingReferenceScanner.scanSpringRequestMappings(78) | 
Request mapping: inserUserVo belongs to groups: [[ResourceGroup{groupName='sys-user-controller', position=0}]] 
[UIAS_Web2_exploded] [INFO] [2019-09-17 01:04:59] com.mangofactory.swagger.scanners.ApiListingReferenceScanner.scanSpringRequestMappings(82) | 
Adding resource to group:ResourceGroup{groupName='sys-user-controller', position=0} with description:Sys User Controller for handler method:inserUserVo
[UIAS_Web2_exploded] [INFO] [2019-09-17 01:04:59] com.mangofactory.swagger.core.ClassOrApiAnnotationResourceGrouping.getResourceGroups(50) | 
Group for method findMyUserVo was sys-user-controller
[UIAS_Web2_exploded] [INFO] [2019-09-17 01:04:59] com.mangofactory.swagger.scanners.ApiListingReferenceScanner.scanSpringRequestMappings(78) | 
Request mapping: findMyUserVo belongs to groups: [[ResourceGroup{groupName='sys-user-controller', position=0}]] 
[UIAS_Web2_exploded] [INFO] [2019-09-17 01:04:59] com.mangofactory.swagger.scanners.ApiListingReferenceScanner.scanSpringRequestMappings(82) | 
Adding resource to group:ResourceGroup{groupName='sys-user-controller', position=0} with description:Sys User Controller for handler method:findMyUserVo
[UIAS_Web2_exploded] [INFO] [2019-09-17 01:04:59] com.mangofactory.swagger.core.ClassOrApiAnnotationResourceGrouping.getResourceGroups(50) | 
Group for method expUserDTO was sys-user-controller
[UIAS_Web2_exploded] [INFO] [2019-09-17 01:04:59] com.mangofactory.swagger.scanners.ApiListingReferenceScanner.scanSpringRequestMappings(78) | 
Request mapping: expUserDTO belongs to groups: [[ResourceGroup{groupName='sys-user-controller', position=0}]] 
[UIAS_Web2_exploded] [INFO] [2019-09-17 01:04:59] com.mangofactory.swagger.scanners.ApiListingReferenceScanner.scanSpringRequestMappings(82) | 
Adding resource to group:ResourceGroup{groupName='sys-user-controller', position=0} with description:Sys User Controller for handler method:expUserDTO
[UIAS_Web2_exploded] [INFO] [2019-09-17 01:04:59] com.mangofactory.swagger.core.ClassOrApiAnnotationResourceGrouping.getResourceGroups(50) | 
Group for method updateMyUserVo was sys-user-controller
[UIAS_Web2_exploded] [INFO] [2019-09-17 01:04:59] com.mangofactory.swagger.scanners.ApiListingReferenceScanner.scanSpringRequestMappings(78) | 
Request mapping: updateMyUserVo belongs to groups: [[ResourceGroup{groupName='sys-user-controller', position=0}]] 
[UIAS_Web2_exploded] [INFO] [2019-09-17 01:04:59] com.mangofactory.swagger.scanners.ApiListingReferenceScanner.scanSpringRequestMappings(82) | 
Adding resource to group:ResourceGroup{groupName='sys-user-controller', position=0} with description:Sys User Controller for handler method:updateMyUserVo
[UIAS_Web2_exploded] [INFO] [2019-09-17 01:04:59] com.mangofactory.swagger.core.ClassOrApiAnnotationResourceGrouping.getResourceGroups(50) | 
Group for method impUserDTO was sys-user-controller
[UIAS_Web2_exploded] [INFO] [2019-09-17 01:04:59] com.mangofactory.swagger.scanners.ApiListingReferenceScanner.scanSpringRequestMappings(78) | 
Request mapping: impUserDTO belongs to groups: [[ResourceGroup{groupName='sys-user-controller', position=0}]] 
[UIAS_Web2_exploded] [INFO] [2019-09-17 01:04:59] com.mangofactory.swagger.scanners.ApiListingReferenceScanner.scanSpringRequestMappings(82) | 
Adding resource to group:ResourceGroup{groupName='sys-user-controller', position=0} with description:Sys User Controller for handler method:impUserDTO
[UIAS_Web2_exploded] [INFO] [2019-09-17 01:04:59] com.mangofactory.swagger.core.ClassOrApiAnnotationResourceGrouping.getResourceGroups(50) | 
Group for method generateRSAJsKey was rsa-controller
[UIAS_Web2_exploded] [INFO] [2019-09-17 01:04:59] com.mangofactory.swagger.scanners.ApiListingReferenceScanner.scanSpringRequestMappings(78) | 
Request mapping: generateRSAJsKey belongs to groups: [[ResourceGroup{groupName='rsa-controller', position=0}]] 
[UIAS_Web2_exploded] [INFO] [2019-09-17 01:04:59] com.mangofactory.swagger.scanners.ApiListingReferenceScanner.scanSpringRequestMappings(82) | 
Adding resource to group:ResourceGroup{groupName='rsa-controller', position=0} with description:RSA Controller for handler method:generateRSAJsKey
[UIAS_Web2_exploded] [INFO] [2019-09-17 01:04:59] com.mangofactory.swagger.core.RequestMappingEvaluator.hasIgnoredAnnotatedRequestMapping(74) | 
Excluding method as it contains the excluded annotation: interface com.mangofactory.swagger.annotations.ApiIgnore
[UIAS_Web2_exploded] [INFO] [2019-09-17 01:04:59] com.mangofactory.swagger.core.RequestMappingEvaluator.hasIgnoredAnnotatedRequestMapping(74) | 
Excluding method as it contains the excluded annotation: interface com.mangofactory.swagger.annotations.ApiIgnore
[UIAS_Web2_exploded] [INFO] [2019-09-17 01:04:59] com.mangofactory.swagger.scanners.ApiListingReferenceScanner.scanSpringRequestMappings(96) | 
Created resource listing Path: /default/login-controller Description: login-controller Position: 0
[UIAS_Web2_exploded] [INFO] [2019-09-17 01:04:59] com.mangofactory.swagger.scanners.ApiListingReferenceScanner.scanSpringRequestMappings(96) | 
Created resource listing Path: /default/sys-login-log-controller Description: sys-login-log-controller Position: 0
[UIAS_Web2_exploded] [INFO] [2019-09-17 01:04:59] com.mangofactory.swagger.scanners.ApiListingReferenceScanner.scanSpringRequestMappings(96) | 
Created resource listing Path: /default/sys-user-controller Description: sys-user-controller Position: 0
[UIAS_Web2_exploded] [INFO] [2019-09-17 01:04:59] com.mangofactory.swagger.scanners.ApiListingReferenceScanner.scanSpringRequestMappings(96) | 
Created resource listing Path: /default/sys-operation-log-controller Description: sys-operation-log-controller Position: 0
[UIAS_Web2_exploded] [INFO] [2019-09-17 01:04:59] com.mangofactory.swagger.scanners.ApiListingReferenceScanner.scanSpringRequestMappings(96) | 
Created resource listing Path: /default/rsa-controller Description: rsa-controller Position: 0
[UIAS_Web2_exploded] [INFO] [2019-09-17 01:04:59] com.mangofactory.swagger.scanners.ApiListingReferenceScanner.scanSpringRequestMappings(96) | 
Created resource listing Path: /default/sys-role-controller Description: sys-role-controller Position: 0
[UIAS_Web2_exploded] [INFO] [2019-09-17 01:05:03] com.mangofactory.swagger.core.SwaggerApiResourceListing.initialize(89) | 
Added a resource listing with (6) api resources: 
[UIAS_Web2_exploded] [INFO] [2019-09-17 01:05:03] com.mangofactory.swagger.core.SwaggerApiResourceListing.initialize(93) | 
  Login Controller at location: /api-docs/default/login-controller
[UIAS_Web2_exploded] [INFO] [2019-09-17 01:05:03] com.mangofactory.swagger.core.SwaggerApiResourceListing.initialize(93) | 
  RSA Controller at location: /api-docs/default/rsa-controller
[UIAS_Web2_exploded] [INFO] [2019-09-17 01:05:03] com.mangofactory.swagger.core.SwaggerApiResourceListing.initialize(93) | 
  Sys Login Log Controller at location: /api-docs/default/sys-login-log-controller
[UIAS_Web2_exploded] [INFO] [2019-09-17 01:05:03] com.mangofactory.swagger.core.SwaggerApiResourceListing.initialize(93) | 
  Sys Operation Log Controller at location: /api-docs/default/sys-operation-log-controller
[UIAS_Web2_exploded] [INFO] [2019-09-17 01:05:03] com.mangofactory.swagger.core.SwaggerApiResourceListing.initialize(93) | 
  Sys Role Controller at location: /api-docs/default/sys-role-controller
[UIAS_Web2_exploded] [INFO] [2019-09-17 01:05:03] com.mangofactory.swagger.core.SwaggerApiResourceListing.initialize(93) | 
  Sys User Controller at location: /api-docs/default/sys-user-controller
[UIAS_Web2_exploded] [INFO] [2019-09-17 01:05:03] org.springframework.web.servlet.FrameworkServlet.initServletBean(498) | 
FrameworkServlet 'springMVC': initialization completed in 10857 ms
